  Button.cpp
  CaroChess.cpp
  Game.cpp
  GameStateMachine.cpp
  InputHandler.cpp
D:\VTCA\Semester2\Game\Cpp\Asm\Caro\InputHandler.cpp(51,33): warning C4244: '=': conversion from 'Sint32' to 'float', possible loss of data
D:\VTCA\Semester2\Game\Cpp\Asm\Caro\InputHandler.cpp(52,33): warning C4244: '=': conversion from 'Sint32' to 'float', possible loss of data
  Main.cpp
  MenuState.cpp
  PlayState.cpp
  SDLGameObject.cpp
D:\VTCA\Semester2\Game\Cpp\Asm\Caro\SDLGameObject.cpp(11,136): warning C4244: 'argument': conversion from 'int' to 'float', possible loss of data
D:\VTCA\Semester2\Game\Cpp\Asm\Caro\SDLGameObject.cpp(11,120): warning C4244: 'argument': conversion from 'int' to 'float', possible loss of data
D:\VTCA\Semester2\Game\Cpp\Asm\Caro\SDLGameObject.cpp(24,81): warning C4244: 'argument': conversion from 'float' to 'int', possible loss of data
D:\VTCA\Semester2\Game\Cpp\Asm\Caro\SDLGameObject.cpp(24,64): warning C4244: 'argument': conversion from 'float' to 'int', possible loss of data
  SoundManager.cpp
  TextureManager.cpp
  Generating Code...
Game.obj : error LNK2019: unresolved external symbol SDL_GetError referenced in function "public: bool __cdecl Game::init(char const *,int,int,int,int,bool)" (?init@Game@@QEAA_NPEBDHHHH_N@Z)
PlayState.obj : error LNK2001: unresolved external symbol SDL_GetError
SoundManager.obj : error LNK2001: unresolved external symbol SDL_GetError
TextureManager.obj : error LNK2001: unresolved external symbol SDL_GetError
Game.obj : error LNK2019: unresolved external symbol SDL_CreateWindow referenced in function "public: bool __cdecl Game::init(char const *,int,int,int,int,bool)" (?init@Game@@QEAA_NPEBDHHHH_N@Z)
Game.obj : error LNK2019: unresolved external symbol SDL_SetWindowIcon referenced in function "public: bool __cdecl Game::init(char const *,int,int,int,int,bool)" (?init@Game@@QEAA_NPEBDHHHH_N@Z)
Game.obj : error LNK2019: unresolved external symbol SDL_DestroyWindow referenced in function "public: void __cdecl Game::clean(void)" (?clean@Game@@QEAAXXZ)
Game.obj : error LNK2019: unresolved external symbol SDL_CreateRenderer referenced in function "public: bool __cdecl Game::init(char const *,int,int,int,int,bool)" (?init@Game@@QEAA_NPEBDHHHH_N@Z)
Game.obj : error LNK2019: unresolved external symbol SDL_SetRenderDrawColor referenced in function "public: bool __cdecl Game::init(char const *,int,int,int,int,bool)" (?init@Game@@QEAA_NPEBDHHHH_N@Z)
PlayState.obj : error LNK2001: unresolved external symbol SDL_SetRenderDrawColor
Game.obj : error LNK2019: unresolved external symbol SDL_RenderClear referenced in function "public: void __cdecl Game::render(void)" (?render@Game@@QEAAXXZ)
Game.obj : error LNK2019: unresolved external symbol SDL_RenderPresent referenced in function "public: void __cdecl Game::render(void)" (?render@Game@@QEAAXXZ)
Game.obj : error LNK2019: unresolved external symbol SDL_DestroyRenderer referenced in function "public: void __cdecl Game::clean(void)" (?clean@Game@@QEAAXXZ)
Game.obj : error LNK2019: unresolved external symbol SDL_Init referenced in function "public: bool __cdecl Game::init(char const *,int,int,int,int,bool)" (?init@Game@@QEAA_NPEBDHHHH_N@Z)
Game.obj : error LNK2019: unresolved external symbol SDL_Quit referenced in function "public: void __cdecl Game::clean(void)" (?clean@Game@@QEAAXXZ)
Game.obj : error LNK2019: unresolved external symbol TTF_Init referenced in function "public: bool __cdecl Game::init(char const *,int,int,int,int,bool)" (?init@Game@@QEAA_NPEBDHHHH_N@Z)
Game.obj : error LNK2019: unresolved external symbol TTF_Quit referenced in function "public: void __cdecl Game::clean(void)" (?clean@Game@@QEAAXXZ)
Game.obj : error LNK2019: unresolved external symbol IMG_Init referenced in function "public: bool __cdecl Game::init(char const *,int,int,int,int,bool)" (?init@Game@@QEAA_NPEBDHHHH_N@Z)
Game.obj : error LNK2019: unresolved external symbol IMG_Quit referenced in function "public: void __cdecl Game::clean(void)" (?clean@Game@@QEAAXXZ)
Game.obj : error LNK2019: unresolved external symbol IMG_Load referenced in function "public: bool __cdecl Game::init(char const *,int,int,int,int,bool)" (?init@Game@@QEAA_NPEBDHHHH_N@Z)
TextureManager.obj : error LNK2001: unresolved external symbol IMG_Load
InputHandler.obj : error LNK2019: unresolved external symbol SDL_GetKeyboardState referenced in function "private: void __cdecl InputHandler::onKeyDown(void)" (?onKeyDown@InputHandler@@AEAAXXZ)
InputHandler.obj : error LNK2019: unresolved external symbol SDL_PollEvent referenced in function "public: void __cdecl InputHandler::update(void)" (?update@InputHandler@@QEAAXXZ)
Main.obj : error LNK2019: unresolved external symbol SDL_GetTicks referenced in function SDL_main
Main.obj : error LNK2019: unresolved external symbol SDL_Delay referenced in function SDL_main
PlayState.obj : error LNK2019: unresolved external symbol SDL_Log referenced in function "public: virtual bool __cdecl PlayState::onEnter(void)" (?onEnter@PlayState@@UEAA_NXZ)
PlayState.obj : error LNK2019: unresolved external symbol SDL_QueryTexture referenced in function "public: virtual bool __cdecl PlayState::onEnter(void)" (?onEnter@PlayState@@UEAA_NXZ)
PlayState.obj : error LNK2019: unresolved external symbol SDL_RenderFillRect referenced in function "private: void __cdecl PlayState::drawChessBoxChoose(int,int)" (?drawChessBoxChoose@PlayState@@AEAAXHH@Z)
PlayState.obj : error LNK2019: unresolved external symbol TTF_OpenFont referenced in function "public: virtual bool __cdecl PlayState::onEnter(void)" (?onEnter@PlayState@@UEAA_NXZ)
PlayState.obj : error LNK2019: unresolved external symbol TTF_CloseFont referenced in function "public: virtual bool __cdecl PlayState::onEnter(void)" (?onEnter@PlayState@@UEAA_NXZ)
SoundManager.obj : error LNK2019: unresolved external symbol SDL_RWFromFile referenced in function "public: bool __cdecl SoundManager::load(class std::basic_string<char,struct std::char_traits<char>,class std::allocator<char> >,class std::basic_string<char,struct std::char_traits<char>,class std::allocator<char> >,enum sound_type)" (?load@SoundManager@@QEAA_NV?$basic_string@DU?$char_traits@D@std@@V?$allocator@D@2@@std@@0W4sound_type@@@Z)
SoundManager.obj : error LNK2019: unresolved external symbol Mix_OpenAudio referenced in function "private: __cdecl SoundManager::SoundManager(void)" (??0SoundManager@@AEAA@XZ)
SoundManager.obj : error LNK2019: unresolved external symbol Mix_LoadWAV_RW referenced in function "public: bool __cdecl SoundManager::load(class std::basic_string<char,struct std::char_traits<char>,class std::allocator<char> >,class std::basic_string<char,struct std::char_traits<char>,class std::allocator<char> >,enum sound_type)" (?load@SoundManager@@QEAA_NV?$basic_string@DU?$char_traits@D@std@@V?$allocator@D@2@@std@@0W4sound_type@@@Z)
SoundManager.obj : error LNK2019: unresolved external symbol Mix_LoadMUS referenced in function "public: bool __cdecl SoundManager::load(class std::basic_string<char,struct std::char_traits<char>,class std::allocator<char> >,class std::basic_string<char,struct std::char_traits<char>,class std::allocator<char> >,enum sound_type)" (?load@SoundManager@@QEAA_NV?$basic_string@DU?$char_traits@D@std@@V?$allocator@D@2@@std@@0W4sound_type@@@Z)
SoundManager.obj : error LNK2019: unresolved external symbol Mix_PlayChannelTimed referenced in function "public: void __cdecl SoundManager::playSound(class std::basic_string<char,struct std::char_traits<char>,class std::allocator<char> >,int)" (?playSound@SoundManager@@QEAAXV?$basic_string@DU?$char_traits@D@std@@V?$allocator@D@2@@std@@H@Z)
SoundManager.obj : error LNK2019: unresolved external symbol Mix_PlayMusic referenced in function "public: void __cdecl SoundManager::playMusic(class std::basic_string<char,struct std::char_traits<char>,class std::allocator<char> >,int)" (?playMusic@SoundManager@@QEAAXV?$basic_string@DU?$char_traits@D@std@@V?$allocator@D@2@@std@@H@Z)
SoundManager.obj : error LNK2019: unresolved external symbol Mix_CloseAudio referenced in function "private: __cdecl SoundManager::~SoundManager(void)" (??1SoundManager@@AEAA@XZ)
TextureManager.obj : error LNK2019: unresolved external symbol SDL_FreeSurface referenced in function "public: bool __cdecl TextureManager::load(class std::basic_string<char,struct std::char_traits<char>,class std::allocator<char> >,class std::basic_string<char,struct std::char_traits<char>,class std::allocator<char> >,struct SDL_Renderer *)" (?load@TextureManager@@QEAA_NV?$basic_string@DU?$char_traits@D@std@@V?$allocator@D@2@@std@@0PEAUSDL_Renderer@@@Z)
TextureManager.obj : error LNK2019: unresolved external symbol SDL_CreateTextureFromSurface referenced in function "public: bool __cdecl TextureManager::load(class std::basic_string<char,struct std::char_traits<char>,class std::allocator<char> >,class std::basic_string<char,struct std::char_traits<char>,class std::allocator<char> >,struct SDL_Renderer *)" (?load@TextureManager@@QEAA_NV?$basic_string@DU?$char_traits@D@std@@V?$allocator@D@2@@std@@0PEAUSDL_Renderer@@@Z)
TextureManager.obj : error LNK2019: unresolved external symbol SDL_SetTextureAlphaMod referenced in function "public: void __cdecl TextureManager::drawFrame(class std::basic_string<char,struct std::char_traits<char>,class std::allocator<char> >,int,int,int,int,int,int,struct SDL_Renderer *,double,int,enum SDL_RendererFlip)" (?drawFrame@TextureManager@@QEAAXV?$basic_string@DU?$char_traits@D@std@@V?$allocator@D@2@@std@@HHHHHHPEAUSDL_Renderer@@NHW4SDL_RendererFlip@@@Z)
TextureManager.obj : error LNK2019: unresolved external symbol SDL_RenderCopyEx referenced in function "public: void __cdecl TextureManager::draw(class std::basic_string<char,struct std::char_traits<char>,class std::allocator<char> >,int,int,int,int,struct SDL_Renderer *,enum SDL_RendererFlip)" (?draw@TextureManager@@QEAAXV?$basic_string@DU?$char_traits@D@std@@V?$allocator@D@2@@std@@HHHHPEAUSDL_Renderer@@W4SDL_RendererFlip@@@Z)
TextureManager.obj : error LNK2019: unresolved external symbol SDL_DestroyTexture referenced in function "public: void __cdecl TextureManager::clean(void)" (?clean@TextureManager@@QEAAXXZ)
TextureManager.obj : error LNK2019: unresolved external symbol TTF_RenderUTF8_Solid referenced in function "public: bool __cdecl TextureManager::load(class std::basic_string<char,struct std::char_traits<char>,class std::allocator<char> >,class std::basic_string<char,struct std::char_traits<char>,class std::allocator<char> >,struct _TTF_Font *,struct SDL_Color,struct SDL_Renderer *)" (?load@TextureManager@@QEAA_NV?$basic_string@DU?$char_traits@D@std@@V?$allocator@D@2@@std@@0PEAU_TTF_Font@@USDL_Color@@PEAUSDL_Renderer@@@Z)
MSVCRTD.lib(exe_main.obj) : error LNK2019: unresolved external symbol main referenced in function "int __cdecl invoke_main(void)" (?invoke_main@@YAHXZ)
D:\VTCA\Semester2\Game\Cpp\Asm\Caro\..\SDLlib\lib\x86\SDL2.lib : warning LNK4272: library machine type 'x86' conflicts with target machine type 'x64'
D:\VTCA\Semester2\Game\Cpp\Asm\Caro\..\SDLlib\lib\x86\SDL2main.lib : warning LNK4272: library machine type 'x86' conflicts with target machine type 'x64'
D:\VTCA\Semester2\Game\Cpp\Asm\Caro\..\SDLlib\lib\x86\SDL2_image.lib : warning LNK4272: library machine type 'x86' conflicts with target machine type 'x64'
D:\VTCA\Semester2\Game\Cpp\Asm\Caro\..\SDLlib\lib\x86\SDL2_ttf.lib : warning LNK4272: library machine type 'x86' conflicts with target machine type 'x64'
D:\VTCA\Semester2\Game\Cpp\Asm\Caro\..\SDLlib\lib\x86\SDL2_mixer.lib : warning LNK4272: library machine type 'x86' conflicts with target machine type 'x64'
D:\VTCA\Semester2\Game\Cpp\Asm\Caro\x64\Debug\Caro.exe : fatal error LNK1120: 39 unresolved externals
